c:\users\manuelgms\desktop\gc\entregas\pfinalguay\ig1app\x64\debug\vc142.pdb
c:\users\manuelgms\desktop\gc\entregas\pfinalguay\ig1app\x64\debug\vc142.idb
c:\users\manuelgms\desktop\gc\entregas\pfinalguay\ig1app\x64\debug\viewport.obj
c:\users\manuelgms\desktop\gc\entregas\pfinalguay\ig1app\x64\debug\texture.obj
c:\users\manuelgms\desktop\gc\entregas\pfinalguay\ig1app\x64\debug\scene.obj
c:\users\manuelgms\desktop\gc\entregas\pfinalguay\ig1app\x64\debug\pixmap32rgba.obj
c:\users\manuelgms\desktop\gc\entregas\pfinalguay\ig1app\x64\debug\mesh.obj
c:\users\manuelgms\desktop\gc\entregas\pfinalguay\ig1app\x64\debug\main.obj
c:\users\manuelgms\desktop\gc\entregas\pfinalguay\ig1app\x64\debug\light.obj
c:\users\manuelgms\desktop\gc\entregas\pfinalguay\ig1app\x64\debug\ig1app.obj
c:\users\manuelgms\desktop\gc\entregas\pfinalguay\ig1app\x64\debug\entity.obj
c:\users\manuelgms\desktop\gc\entregas\pfinalguay\ig1app\x64\debug\camera.obj
c:\users\manuelgms\desktop\gc\entregas\pfinalguay\bin\ig1appdebug.exe
c:\users\manuelgms\desktop\gc\entregas\pfinalguay\bin\ig1appdebug.ilk
c:\users\manuelgms\desktop\gc\entregas\pfinalguay\bin\ig1appdebug.pdb
c:\users\manuelgms\desktop\gc\entregas\pfinalguay\ig1app\x64\debug\ig1app.tlog\cl.command.1.tlog
c:\users\manuelgms\desktop\gc\entregas\pfinalguay\ig1app\x64\debug\ig1app.tlog\cl.read.1.tlog
c:\users\manuelgms\desktop\gc\entregas\pfinalguay\ig1app\x64\debug\ig1app.tlog\cl.write.1.tlog
c:\users\manuelgms\desktop\gc\entregas\pfinalguay\ig1app\x64\debug\ig1app.tlog\link.command.1.tlog
c:\users\manuelgms\desktop\gc\entregas\pfinalguay\ig1app\x64\debug\ig1app.tlog\link.read.1.tlog
c:\users\manuelgms\desktop\gc\entregas\pfinalguay\ig1app\x64\debug\ig1app.tlog\link.write.1.tlog
